[2015-12-09 12:57:43] - propertiy-file = config/log4j.balancer.properties
[2015-12-09 12:57:43] - AgentInfo start loading
[2015-12-09 12:57:43] - agent Load done : 10.202.230.219
[2015-12-09 12:57:43] - Seed Queue Loading Done
[2015-12-09 12:57:46] - SeedQueue Load done : instagram-id
[2015-12-09 12:57:46] - Reading Seed file : config/Seeds.csv
[2015-12-09 12:57:46] - Seed : 1092005051
[2015-12-09 12:57:46] - Seed : 1092970124
[2015-12-09 12:57:46] - Seed : 1093092541
[2015-12-09 12:57:46] - Seed : 1093654704
[2015-12-09 12:57:46] - Seed : 1093722688
[2015-12-09 12:57:46] - Seed : 1093770800
[2015-12-09 12:57:46] - Seed : 1093784951
[2015-12-09 12:57:46] - Seed : 1094064900
[2015-12-09 12:57:46] - Seed : 1094175494
[2015-12-09 12:57:46] - Seed : 1095673362
[2015-12-09 12:57:46] - Seed : 1095982966
[2015-12-09 12:57:46] - Seed : 1096135490
[2015-12-09 12:57:46] - Seed : 1096147842
[2015-12-09 12:57:46] - Seed : 109636
[2015-12-09 12:57:46] - Seed : 1096822738
[2015-12-09 12:57:46] - Seed : 1097040485
[2015-12-09 12:57:46] - Seed : 1097160189
[2015-12-09 12:57:46] - Seed : 1097190713
[2015-12-09 12:57:46] - Seed : 1097253799
[2015-12-09 12:57:46] - Seed : 1097319227
[2015-12-09 12:57:46] - Seed : 1097424954
[2015-12-09 12:57:46] - Seed : 1097515489
[2015-12-09 12:57:46] - Seed : 10976127
[2015-12-09 12:57:46] - Seed : 1097721496
[2015-12-09 12:57:46] - Seed : 1097725204
[2015-12-09 12:57:46] - Seed : 1097853859
[2015-12-09 12:57:46] - Seed : 1098163048
[2015-12-09 12:57:46] - Seed : 1098229592
[2015-12-09 12:57:46] - Seed : 1098402766
[2015-12-09 12:57:46] - Seed : 1098413859
[2015-12-09 12:57:46] - Seed : 1098597289
[2015-12-09 12:57:46] - Seed : 1098830285
[2015-12-09 12:57:46] - Seed : 1098875837
[2015-12-09 12:57:46] - Seed : 10988812
[2015-12-09 12:57:46] - Seed : 10990453
[2015-12-09 12:57:46] - Seed : 1099051147
[2015-12-09 12:57:46] - Seed : 1099298815
[2015-12-09 12:57:46] - Seed : 1099458366
[2015-12-09 12:57:46] - Seed : 1099549377
[2015-12-09 12:57:46] - Seed : 1099591485
[2015-12-09 12:57:46] - Seed : 1099601876
[2015-12-09 12:57:46] - Seed : 1099919136
[2015-12-09 12:57:46] - Seed : 1099931692
[2015-12-09 12:57:46] - Seed : 1100021179
[2015-12-09 12:57:46] - Seed : 1100341436
[2015-12-09 12:57:46] - Seed : 11003550
[2015-12-09 12:57:46] - SeedQueue Load done : twitter-id
[2015-12-09 12:57:46] - Remaining Job Count : 5
[2015-12-09 12:57:46] - QUEUE SIZE : 33173
[2015-12-09 12:57:46] - GET SEED : site - instagram-id, seed - 1000083576, priority - 0.0
[2015-12-09 12:57:46] - Remaining Job Count : 4
[2015-12-09 12:57:46] - QUEUE SIZE : 45
[2015-12-09 12:57:46] - GET SEED : site - twitter-id, seed - 1092005051, priority - 0.0
[2015-12-09 12:57:46] - Remaining Job Count : 3
[2015-12-09 12:57:46] - QUEUE SIZE : 33172
[2015-12-09 12:57:46] - GET SEED : site - instagram-id, seed - 999832725, priority - 0.0
[2015-12-09 12:57:46] - Remaining Job Count : 2
[2015-12-09 12:57:46] - QUEUE SIZE : 44
[2015-12-09 12:57:46] - GET SEED : site - twitter-id, seed - 11003550, priority - 0.0
[2015-12-09 12:57:46] - Remaining Job Count : 1
[2015-12-09 12:57:46] - QUEUE SIZE : 33171
[2015-12-09 12:57:46] - GET SEED : site - instagram-id, seed - 999769608, priority - 0.0
[2015-12-09 12:57:46] - [15]1000083576 sent to agent(10.202.230.219)- Job Id : 588730419432630
[2015-12-09 12:57:46] - [18]11003550 sent to agent(10.202.230.219)- Job Id : 588730430511125
[2015-12-09 12:57:46] - [19]999769608 sent to agent(10.202.230.219)- Job Id : 588730432292470
[2015-12-09 12:57:46] - [16]1092005051 sent to agent(10.202.230.219)- Job Id : 588730427795385
[2015-12-09 12:57:46] - [17]999832725 sent to agent(10.202.230.219)- Job Id : 588730429758600
[2015-12-09 12:58:26] - response error
[2015-12-09 12:58:26] - response error
[2015-12-09 12:58:26] - response error
[2015-12-09 12:58:26] - response error
[2015-12-09 12:58:26] - response error
